<?xml version="1.0" encoding="utf-8" standalone="no"?>
<!--This file represents the results of running a test suite-->
<test-results name="E:\work\UniTest\ConsoleApplication1\ClassLibrary1.Test\bin\Debug\ClassLibrary1.Test.dll" total="1" errors="0" failures="1" not-run="0" inconclusive="0" ignored="0" skipped="0" invalid="0" date="2015-08-01" time="09:53:31">
  <environment nunit-version="2.6.4.14350" clr-version="2.0.50727.6421" os-version="Microsoft Windows NT 6.2.9200.0" platform="Win32NT" cwd="C:\Program Files\NUnit 2.6.4\bin" machine-name="MAVERICK" user="User" user-domain="maverick" />
  <culture-info current-culture="en-US" current-uiculture="en-US" />
  <test-suite type="Assembly" name="E:\work\UniTest\ConsoleApplication1\ClassLibrary1.Test\bin\Debug\ClassLibrary1.Test.dll" executed="True" result="Failure" success="False" time="0.175" asserts="0">
    <results>
      <test-suite type="Namespace" name="ClassLibrary1" executed="True" result="Failure" success="False" time="0.165" asserts="0">
        <results>
          <test-suite type="Namespace" name="Test" executed="True" result="Failure" success="False" time="0.164" asserts="0">
            <results>
              <test-suite type="TestFixture" name="TestClass" executed="True" result="Failure" success="False" time="0.164" asserts="0">
                <results>
                  <test-suite type="ParameterizedTest" name="AddTest" executed="True" result="Failure" success="False" time="0.159" asserts="0">
                    <results>
                      <test-case name="ClassLibrary1.Test.TestClass.AddTest()" executed="True" result="Failure" success="False" time="0.150" asserts="1">
                        <failure>
                          <message><![CDATA[  Expected: 200
  But was:  30
]]></message>
                          <stack-trace><![CDATA[at ClassLibrary1.Test.TestClass.AddTest() in e:\work\UniTest\ConsoleApplication1\ClassLibrary1.Test\TestClass.cs:line 18
]]></stack-trace>
                        </failure>
                      </test-case>
                    </results>
                  </test-suite>
                </results>
              </test-suite>
            </results>
          </test-suite>
        </results>
      </test-suite>
    </results>
  </test-suite>
</test-results>